==> Snapshot manual TF10 (2026-05-14)
==> RA: 6324598 - Yago Canton

Comando executado:
  aws rds create-db-snapshot \
    --db-instance-identifier northwind-rds \
    --db-snapshot-identifier tf10-northwind-pre-tests \
    --tags Key=Project,Value=TF10 Key=RA,Value=6324598

Resultado após wait db-snapshot-available:
{
    "Status": "available",
    "Progress": 100,
    "Size": 20
}

Notas:
- Snapshot tomado antes dos testes de failover e restore, servindo como
  ponto de retorno consistente.
- Tamanho 20 GB corresponde ao storage alocado da instância (banco real ~10 MB).
- Custo de storage de snapshot é cobrado apenas pelo delta acima do storage
  primário (neste caso, ~0 GB cobrável → custo desprezível).
- Snapshot é removido em cleanup.sh ao final do projeto.
