                                         version                                          
------------------------------------------------------------------------------------------
 PostgreSQL 14.19 on x86_64-pc-linux-musl, compiled by gcc (Alpine 14.2.0) 14.2.0, 64-bit
(1 row)

 max_connections 
-----------------
 100
(1 row)

 shared_buffers 
----------------
 128MB
(1 row)

 work_mem 
----------
 4MB
(1 row)

 db_size 
---------
 9497 kB
(1 row)

         tabela         |  tamanho   | linhas_aprox 
------------------------+------------+--------------
 order_details          | 192 kB     |         2155
 orders                 | 176 kB     |          830
 customers              | 56 kB      |           91
 categories             | 32 kB      |            8
 employees              | 32 kB      |            9
 suppliers              | 32 kB      |           29
 territories            | 24 kB      |           53
 products               | 24 kB      |           77
 shippers               | 24 kB      |            6
 region                 | 24 kB      |            4
 us_states              | 24 kB      |           51
 employee_territories   | 24 kB      |           49
 customer_demographics  | 16 kB      |            0
 customer_customer_demo | 8192 bytes |            0
(14 rows)

 conexoes_ativas | conexao_mais_antiga 
-----------------+---------------------
               1 | -00:00:00.000003
(1 row)

                                                           QUERY PLAN                                                           
--------------------------------------------------------------------------------------------------------------------------------
 Sort  (cost=33.45..33.50 rows=21 width=14) (actual time=0.320..0.321 rows=21 loops=1)
   Sort Key: (count(o.order_id)) DESC
   Sort Method: quicksort  Memory: 26kB
   Buffers: shared hit=16
   ->  HashAggregate  (cost=32.78..32.99 rows=21 width=14) (actual time=0.307..0.310 rows=21 loops=1)
         Group Key: c.country
         Batches: 1  Memory Usage: 24kB
         Buffers: shared hit=16
         ->  Hash Join  (cost=4.05..28.63 rows=830 width=8) (actual time=0.045..0.211 rows=830 loops=1)
               Hash Cond: ((o.customer_id)::text = (c.customer_id)::text)
               Buffers: shared hit=16
               ->  Seq Scan on orders o  (cost=0.00..22.30 rows=830 width=8) (actual time=0.004..0.063 rows=830 loops=1)
                     Buffers: shared hit=14
               ->  Hash  (cost=2.91..2.91 rows=91 width=12) (actual time=0.032..0.032 rows=91 loops=1)
                     Buckets: 1024  Batches: 1  Memory Usage: 12kB
                     Buffers: shared hit=2
                     ->  Seq Scan on customers c  (cost=0.00..2.91 rows=91 width=12) (actual time=0.006..0.015 rows=91 loops=1)
                           Buffers: shared hit=2
 Planning:
   Buffers: shared hit=115 read=3 dirtied=2
 Planning Time: 0.643 ms
 Execution Time: 0.376 ms
(22 rows)

                                                                QUERY PLAN                                                                
------------------------------------------------------------------------------------------------------------------------------------------
 Sort  (cost=84.65..84.67 rows=8 width=64) (actual time=1.008..1.010 rows=8 loops=1)
   Sort Key: ((sum(((od.unit_price * (od.quantity)::double precision) * ('1'::double precision - od.discount))))::numeric(12,2)) DESC
   Sort Method: quicksort  Memory: 25kB
   Buffers: shared hit=16 read=1
   ->  HashAggregate  (cost=84.41..84.53 rows=8 width=64) (actual time=0.974..0.982 rows=8 loops=1)
         Group Key: cat.category_name
         Batches: 1  Memory Usage: 24kB
         Buffers: shared hit=13 read=1
         ->  Hash Join  (cost=3.91..52.08 rows=2155 width=58) (actual time=0.068..0.675 rows=2155 loops=1)
               Hash Cond: (p.category_id = cat.category_id)
               Buffers: shared hit=13 read=1
               ->  Hash Join  (cost=2.73..42.25 rows=2155 width=12) (actual time=0.027..0.417 rows=2155 loops=1)
                     Hash Cond: (od.product_id = p.product_id)
                     Buffers: shared hit=13
                     ->  Seq Scan on order_details od  (cost=0.00..33.55 rows=2155 width=12) (actual time=0.002..0.097 rows=2155 loops=1)
                           Buffers: shared hit=12
                     ->  Hash  (cost=1.77..1.77 rows=77 width=4) (actual time=0.017..0.018 rows=77 loops=1)
                           Buckets: 1024  Batches: 1  Memory Usage: 11kB
                           Buffers: shared hit=1
                           ->  Seq Scan on products p  (cost=0.00..1.77 rows=77 width=4) (actual time=0.003..0.008 rows=77 loops=1)
                                 Buffers: shared hit=1
               ->  Hash  (cost=1.08..1.08 rows=8 width=50) (actual time=0.033..0.033 rows=8 loops=1)
                     Buckets: 1024  Batches: 1  Memory Usage: 9kB
                     Buffers: shared read=1
                     ->  Seq Scan on categories cat  (cost=0.00..1.08 rows=8 width=50) (actual time=0.024..0.025 rows=8 loops=1)
                           Buffers: shared read=1
 Planning:
   Buffers: shared hit=132 read=3 dirtied=4
 Planning Time: 0.797 ms
 Execution Time: 1.091 ms
(30 rows)

                                                                   QUERY PLAN                                                                   
------------------------------------------------------------------------------------------------------------------------------------------------
 Limit  (cost=117.54..117.57 rows=10 width=42) (actual time=1.253..1.256 rows=10 loops=1)
   Buffers: shared hit=28
   ->  Sort  (cost=117.54..117.77 rows=91 width=42) (actual time=1.252..1.254 rows=10 loops=1)
         Sort Key: ((sum(((od.unit_price * (od.quantity)::double precision) * ('1'::double precision - od.discount))))::numeric(12,2)) DESC
         Sort Method: top-N heapsort  Memory: 26kB
         Buffers: shared hit=28
         ->  HashAggregate  (cost=114.21..115.58 rows=91 width=42) (actual time=1.098..1.216 rows=89 loops=1)
               Group Key: c.customer_id
               Batches: 1  Memory Usage: 32kB
               Buffers: shared hit=28
               ->  Hash Join  (cost=36.72..81.89 rows=2155 width=36) (actual time=0.198..0.805 rows=2155 loops=1)
                     Hash Cond: ((o.customer_id)::text = (c.customer_id)::text)
                     Buffers: shared hit=28
                     ->  Hash Join  (cost=32.67..71.92 rows=2155 width=16) (actual time=0.159..0.514 rows=2155 loops=1)
                           Hash Cond: (od.order_id = o.order_id)
                           Buffers: shared hit=26
                           ->  Seq Scan on order_details od  (cost=0.00..33.55 rows=2155 width=12) (actual time=0.004..0.093 rows=2155 loops=1)
                                 Buffers: shared hit=12
                           ->  Hash  (cost=22.30..22.30 rows=830 width=8) (actual time=0.147..0.148 rows=830 loops=1)
                                 Buckets: 1024  Batches: 1  Memory Usage: 41kB
                                 Buffers: shared hit=14
                                 ->  Seq Scan on orders o  (cost=0.00..22.30 rows=830 width=8) (actual time=0.002..0.064 rows=830 loops=1)
                                       Buffers: shared hit=14
                     ->  Hash  (cost=2.91..2.91 rows=91 width=26) (actual time=0.031..0.031 rows=91 loops=1)
                           Buckets: 1024  Batches: 1  Memory Usage: 14kB
                           Buffers: shared hit=2
                           ->  Seq Scan on customers c  (cost=0.00..2.91 rows=91 width=26) (actual time=0.007..0.014 rows=91 loops=1)
                                 Buffers: shared hit=2
 Planning:
   Buffers: shared hit=36 read=6
 Planning Time: 0.523 ms
 Execution Time: 1.336 ms
(32 rows)

                                                          QUERY PLAN                                                          
------------------------------------------------------------------------------------------------------------------------------
 Sort  (cost=37.36..37.38 rows=9 width=42) (actual time=0.534..0.536 rows=9 loops=1)
   Sort Key: (count(o.order_id)) DESC
   Sort Method: quicksort  Memory: 25kB
   Buffers: shared hit=14 read=1
   ->  HashAggregate  (cost=37.08..37.21 rows=9 width=42) (actual time=0.522..0.525 rows=9 loops=1)
         Group Key: e.employee_id, (((e.first_name)::text || ' '::text) || (e.last_name)::text)
         Batches: 1  Memory Usage: 24kB
         Buffers: shared hit=14 read=1
         ->  Hash Right Join  (cost=1.20..30.85 rows=830 width=36) (actual time=0.047..0.411 rows=830 loops=1)
               Hash Cond: (o.employee_id = e.employee_id)
               Buffers: shared hit=14 read=1
               ->  Seq Scan on orders o  (cost=0.00..22.30 rows=830 width=4) (actual time=0.003..0.068 rows=830 loops=1)
                     Buffers: shared hit=14
               ->  Hash  (cost=1.09..1.09 rows=9 width=98) (actual time=0.035..0.035 rows=9 loops=1)
                     Buckets: 1024  Batches: 1  Memory Usage: 9kB
                     Buffers: shared read=1
                     ->  Seq Scan on employees e  (cost=0.00..1.09 rows=9 width=98) (actual time=0.026..0.027 rows=9 loops=1)
                           Buffers: shared read=1
 Planning:
   Buffers: shared hit=13 read=2 dirtied=1
 Planning Time: 0.236 ms
 Execution Time: 0.633 ms
(22 rows)

                                                QUERY PLAN                                                 
-----------------------------------------------------------------------------------------------------------
 Sort  (cost=2.57..2.64 rows=26 width=23) (actual time=0.063..0.064 rows=18 loops=1)
   Sort Key: units_in_stock
   Sort Method: quicksort  Memory: 26kB
   Buffers: shared hit=4
   ->  Seq Scan on products  (cost=0.00..1.96 rows=26 width=23) (actual time=0.009..0.013 rows=18 loops=1)
         Filter: (units_in_stock < reorder_level)
         Rows Removed by Filter: 59
         Buffers: shared hit=1
 Planning:
   Buffers: shared hit=9
 Planning Time: 0.233 ms
 Execution Time: 0.093 ms
(12 rows)

 schemaname |       tablename        |         indexname         |                                                          indexdef                                                          
------------+------------------------+---------------------------+----------------------------------------------------------------------------------------------------------------------------
 public     | categories             | pk_categories             | CREATE UNIQUE INDEX pk_categories ON public.categories USING btree (category_id)
 public     | customer_customer_demo | pk_customer_customer_demo | CREATE UNIQUE INDEX pk_customer_customer_demo ON public.customer_customer_demo USING btree (customer_id, customer_type_id)
 public     | customer_demographics  | pk_customer_demographics  | CREATE UNIQUE INDEX pk_customer_demographics ON public.customer_demographics USING btree (customer_type_id)
 public     | customers              | pk_customers              | CREATE UNIQUE INDEX pk_customers ON public.customers USING btree (customer_id)
 public     | employee_territories   | pk_employee_territories   | CREATE UNIQUE INDEX pk_employee_territories ON public.employee_territories USING btree (employee_id, territory_id)
 public     | employees              | pk_employees              | CREATE UNIQUE INDEX pk_employees ON public.employees USING btree (employee_id)
 public     | order_details          | pk_order_details          | CREATE UNIQUE INDEX pk_order_details ON public.order_details USING btree (order_id, product_id)
 public     | orders                 | pk_orders                 | CREATE UNIQUE INDEX pk_orders ON public.orders USING btree (order_id)
 public     | products               | pk_products               | CREATE UNIQUE INDEX pk_products ON public.products USING btree (product_id)
 public     | region                 | pk_region                 | CREATE UNIQUE INDEX pk_region ON public.region USING btree (region_id)
 public     | shippers               | pk_shippers               | CREATE UNIQUE INDEX pk_shippers ON public.shippers USING btree (shipper_id)
 public     | suppliers              | pk_suppliers              | CREATE UNIQUE INDEX pk_suppliers ON public.suppliers USING btree (supplier_id)
 public     | territories            | pk_territories            | CREATE UNIQUE INDEX pk_territories ON public.territories USING btree (territory_id)
 public     | us_states              | pk_usstates               | CREATE UNIQUE INDEX pk_usstates ON public.us_states USING btree (state_id)
(14 rows)

         tabela         |          indice           | scans | lidos | retornados 
------------------------+---------------------------+-------+-------+------------
 categories             | pk_categories             |     0 |     0 |          0
 customer_customer_demo | pk_customer_customer_demo |     0 |     0 |          0
 customer_demographics  | pk_customer_demographics  |     0 |     0 |          0
 customers              | pk_customers              |     0 |     0 |          0
 employees              | pk_employees              |     0 |     0 |          0
 employee_territories   | pk_employee_territories   |     0 |     0 |          0
 order_details          | pk_order_details          |     0 |     0 |          0
 orders                 | pk_orders                 |     0 |     0 |          0
 products               | pk_products               |     0 |     0 |          0
 region                 | pk_region                 |     0 |     0 |          0
 shippers               | pk_shippers               |     0 |     0 |          0
 suppliers              | pk_suppliers              |     0 |     0 |          0
 territories            | pk_territories            |     0 |     0 |          0
 us_states              | pk_usstates               |     0 |     0 |          0
(14 rows)

 disco | cache | hit_ratio_pct 
-------+-------+---------------
    76 |  3554 |         97.91
(1 row)

 pid | usename | bloqueado_por | query | state 
-----+---------+---------------+-------+-------
(0 rows)

