                                                 version                                                  
----------------------------------------------------------------------------------------------------------
 PostgreSQL 14.12 on x86_64-pc-linux-gnu, compiled by gcc (GCC) 7.3.1 20180712 (Red Hat 7.3.1-17), 64-bit
(1 row)

 max_connections 
-----------------
 81
(1 row)

 shared_buffers 
----------------
 189368kB
(1 row)

 work_mem 
----------
 4MB
(1 row)

 db_size 
---------
 9969 kB
(1 row)

         tabela         |  tamanho   | linhas_aprox 
------------------------+------------+--------------
 order_details          | 192 kB     |         2155
 orders                 | 176 kB     |          830
 customers              | 56 kB      |           91
 employees              | 32 kB      |            9
 suppliers              | 32 kB      |           29
 categories             | 32 kB      |            8
 employee_territories   | 24 kB      |           49
 region                 | 24 kB      |            4
 shippers               | 24 kB      |            6
 territories            | 24 kB      |           53
 us_states              | 24 kB      |           51
 products               | 24 kB      |           77
 customer_demographics  | 16 kB      |            0
 customer_customer_demo | 8192 bytes |            0
(14 rows)

 conexoes_ativas | conexao_mais_antiga 
-----------------+---------------------
               3 | 00:00:01.742777
(1 row)

                                                           QUERY PLAN                                                           
--------------------------------------------------------------------------------------------------------------------------------
 Sort  (cost=33.45..33.50 rows=21 width=14) (actual time=0.474..0.476 rows=21 loops=1)
   Sort Key: (count(o.order_id)) DESC
   Sort Method: quicksort  Memory: 26kB
   Buffers: shared hit=16
   ->  HashAggregate  (cost=32.78..32.99 rows=21 width=14) (actual time=0.460..0.464 rows=21 loops=1)
         Group Key: c.country
         Batches: 1  Memory Usage: 24kB
         Buffers: shared hit=16
         ->  Hash Join  (cost=4.05..28.63 rows=830 width=8) (actual time=0.062..0.317 rows=830 loops=1)
               Hash Cond: ((o.customer_id)::text = (c.customer_id)::text)
               Buffers: shared hit=16
               ->  Seq Scan on orders o  (cost=0.00..22.30 rows=830 width=8) (actual time=0.011..0.087 rows=830 loops=1)
                     Buffers: shared hit=14
               ->  Hash  (cost=2.91..2.91 rows=91 width=12) (actual time=0.038..0.038 rows=91 loops=1)
                     Buckets: 1024  Batches: 1  Memory Usage: 12kB
                     Buffers: shared hit=2
                     ->  Seq Scan on customers c  (cost=0.00..2.91 rows=91 width=12) (actual time=0.007..0.021 rows=91 loops=1)
                           Buffers: shared hit=2
 Planning:
   Buffers: shared hit=118
 Planning Time: 0.342 ms
 Execution Time: 0.514 ms
(22 rows)

                                                                QUERY PLAN                                                                
------------------------------------------------------------------------------------------------------------------------------------------
 Sort  (cost=84.65..84.67 rows=8 width=27) (actual time=1.692..1.695 rows=8 loops=1)
   Sort Key: ((sum(((od.unit_price * (od.quantity)::double precision) * ('1'::double precision - od.discount))))::numeric(12,2)) DESC
   Sort Method: quicksort  Memory: 25kB
   Buffers: shared hit=17
   ->  HashAggregate  (cost=84.41..84.53 rows=8 width=27) (actual time=1.660..1.673 rows=8 loops=1)
         Group Key: cat.category_name
         Batches: 1  Memory Usage: 24kB
         Buffers: shared hit=14
         ->  Hash Join  (cost=3.91..52.08 rows=2155 width=21) (actual time=0.055..1.130 rows=2155 loops=1)
               Hash Cond: (p.category_id = cat.category_id)
               Buffers: shared hit=14
               ->  Hash Join  (cost=2.73..42.25 rows=2155 width=12) (actual time=0.039..0.746 rows=2155 loops=1)
                     Hash Cond: (od.product_id = p.product_id)
                     Buffers: shared hit=13
                     ->  Seq Scan on order_details od  (cost=0.00..33.55 rows=2155 width=12) (actual time=0.007..0.191 rows=2155 loops=1)
                           Buffers: shared hit=12
                     ->  Hash  (cost=1.77..1.77 rows=77 width=4) (actual time=0.021..0.022 rows=77 loops=1)
                           Buckets: 1024  Batches: 1  Memory Usage: 11kB
                           Buffers: shared hit=1
                           ->  Seq Scan on products p  (cost=0.00..1.77 rows=77 width=4) (actual time=0.004..0.012 rows=77 loops=1)
                                 Buffers: shared hit=1
               ->  Hash  (cost=1.08..1.08 rows=8 width=13) (actual time=0.010..0.010 rows=8 loops=1)
                     Buckets: 1024  Batches: 1  Memory Usage: 9kB
                     Buffers: shared hit=1
                     ->  Seq Scan on categories cat  (cost=0.00..1.08 rows=8 width=13) (actual time=0.005..0.006 rows=8 loops=1)
                           Buffers: shared hit=1
 Planning:
   Buffers: shared hit=140 read=2
   I/O Timings: read=0.018
 Planning Time: 0.476 ms
 Execution Time: 1.743 ms
(31 rows)

                                                                   QUERY PLAN                                                                   
------------------------------------------------------------------------------------------------------------------------------------------------
 Limit  (cost=117.54..117.57 rows=10 width=42) (actual time=2.263..2.268 rows=10 loops=1)
   Buffers: shared hit=28
   ->  Sort  (cost=117.54..117.77 rows=91 width=42) (actual time=2.262..2.265 rows=10 loops=1)
         Sort Key: ((sum(((od.unit_price * (od.quantity)::double precision) * ('1'::double precision - od.discount))))::numeric(12,2)) DESC
         Sort Method: top-N heapsort  Memory: 26kB
         Buffers: shared hit=28
         ->  HashAggregate  (cost=114.21..115.58 rows=91 width=42) (actual time=2.106..2.220 rows=89 loops=1)
               Group Key: c.customer_id
               Batches: 1  Memory Usage: 32kB
               Buffers: shared hit=28
               ->  Hash Join  (cost=36.72..81.89 rows=2155 width=36) (actual time=0.373..1.596 rows=2155 loops=1)
                     Hash Cond: ((o.customer_id)::text = (c.customer_id)::text)
                     Buffers: shared hit=28
                     ->  Hash Join  (cost=32.67..71.92 rows=2155 width=16) (actual time=0.222..0.928 rows=2155 loops=1)
                           Hash Cond: (od.order_id = o.order_id)
                           Buffers: shared hit=26
                           ->  Seq Scan on order_details od  (cost=0.00..33.55 rows=2155 width=12) (actual time=0.005..0.182 rows=2155 loops=1)
                                 Buffers: shared hit=12
                           ->  Hash  (cost=22.30..22.30 rows=830 width=8) (actual time=0.209..0.210 rows=830 loops=1)
                                 Buckets: 1024  Batches: 1  Memory Usage: 41kB
                                 Buffers: shared hit=14
                                 ->  Seq Scan on orders o  (cost=0.00..22.30 rows=830 width=8) (actual time=0.005..0.108 rows=830 loops=1)
                                       Buffers: shared hit=14
                     ->  Hash  (cost=2.91..2.91 rows=91 width=26) (actual time=0.144..0.144 rows=91 loops=1)
                           Buckets: 1024  Batches: 1  Memory Usage: 14kB
                           Buffers: shared hit=2
                           ->  Seq Scan on customers c  (cost=0.00..2.91 rows=91 width=26) (actual time=0.114..0.127 rows=91 loops=1)
                                 Buffers: shared hit=2
 Planning:
   Buffers: shared hit=36 read=6
   I/O Timings: read=0.052
 Planning Time: 0.535 ms
 Execution Time: 2.486 ms
(33 rows)

                                                          QUERY PLAN                                                          
------------------------------------------------------------------------------------------------------------------------------
 Sort  (cost=37.36..37.38 rows=9 width=42) (actual time=0.518..0.520 rows=9 loops=1)
   Sort Key: (count(o.order_id)) DESC
   Sort Method: quicksort  Memory: 25kB
   Buffers: shared hit=15
   ->  HashAggregate  (cost=37.08..37.21 rows=9 width=42) (actual time=0.510..0.513 rows=9 loops=1)
         Group Key: e.employee_id, (((e.first_name)::text || ' '::text) || (e.last_name)::text)
         Batches: 1  Memory Usage: 24kB
         Buffers: shared hit=15
         ->  Hash Right Join  (cost=1.20..30.85 rows=830 width=36) (actual time=0.027..0.338 rows=830 loops=1)
               Hash Cond: (o.employee_id = e.employee_id)
               Buffers: shared hit=15
               ->  Seq Scan on orders o  (cost=0.00..22.30 rows=830 width=4) (actual time=0.005..0.083 rows=830 loops=1)
                     Buffers: shared hit=14
               ->  Hash  (cost=1.09..1.09 rows=9 width=16) (actual time=0.011..0.012 rows=9 loops=1)
                     Buckets: 1024  Batches: 1  Memory Usage: 9kB
                     Buffers: shared hit=1
                     ->  Seq Scan on employees e  (cost=0.00..1.09 rows=9 width=16) (actual time=0.005..0.007 rows=9 loops=1)
                           Buffers: shared hit=1
 Planning:
   Buffers: shared hit=20 read=1
   I/O Timings: read=0.019
 Planning Time: 0.227 ms
 Execution Time: 0.561 ms
(23 rows)

                                                QUERY PLAN                                                 
-----------------------------------------------------------------------------------------------------------
 Sort  (cost=2.57..2.64 rows=26 width=23) (actual time=0.075..0.077 rows=18 loops=1)
   Sort Key: units_in_stock
   Sort Method: quicksort  Memory: 26kB
   Buffers: shared hit=4
   ->  Seq Scan on products  (cost=0.00..1.96 rows=26 width=23) (actual time=0.015..0.029 rows=18 loops=1)
         Filter: (units_in_stock < reorder_level)
         Rows Removed by Filter: 59
         Buffers: shared hit=1
 Planning:
   Buffers: shared hit=9
 Planning Time: 0.107 ms
 Execution Time: 0.137 ms
(12 rows)

 schemaname |       tablename        |         indexname         |                                                          indexdef                                                          
------------+------------------------+---------------------------+----------------------------------------------------------------------------------------------------------------------------
 public     | categories             | pk_categories             | CREATE UNIQUE INDEX pk_categories ON public.categories USING btree (category_id)
 public     | customer_customer_demo | pk_customer_customer_demo | CREATE UNIQUE INDEX pk_customer_customer_demo ON public.customer_customer_demo USING btree (customer_id, customer_type_id)
 public     | customer_demographics  | pk_customer_demographics  | CREATE UNIQUE INDEX pk_customer_demographics ON public.customer_demographics USING btree (customer_type_id)
 public     | customers              | pk_customers              | CREATE UNIQUE INDEX pk_customers ON public.customers USING btree (customer_id)
 public     | employee_territories   | pk_employee_territories   | CREATE UNIQUE INDEX pk_employee_territories ON public.employee_territories USING btree (employee_id, territory_id)
 public     | employees              | pk_employees              | CREATE UNIQUE INDEX pk_employees ON public.employees USING btree (employee_id)
 public     | order_details          | pk_order_details          | CREATE UNIQUE INDEX pk_order_details ON public.order_details USING btree (order_id, product_id)
 public     | orders                 | pk_orders                 | CREATE UNIQUE INDEX pk_orders ON public.orders USING btree (order_id)
 public     | products               | pk_products               | CREATE UNIQUE INDEX pk_products ON public.products USING btree (product_id)
 public     | region                 | pk_region                 | CREATE UNIQUE INDEX pk_region ON public.region USING btree (region_id)
 public     | shippers               | pk_shippers               | CREATE UNIQUE INDEX pk_shippers ON public.shippers USING btree (shipper_id)
 public     | suppliers              | pk_suppliers              | CREATE UNIQUE INDEX pk_suppliers ON public.suppliers USING btree (supplier_id)
 public     | territories            | pk_territories            | CREATE UNIQUE INDEX pk_territories ON public.territories USING btree (territory_id)
 public     | us_states              | pk_usstates               | CREATE UNIQUE INDEX pk_usstates ON public.us_states USING btree (state_id)
(14 rows)

         tabela         |          indice           | scans | lidos | retornados 
------------------------+---------------------------+-------+-------+------------
 products               | pk_products               |     4 |     4 |          4
 categories             | pk_categories             |     2 |     2 |          2
 employees              | pk_employees              |     2 |     2 |          2
 order_details          | pk_order_details          |     2 |     2 |          0
 orders                 | pk_orders                 |     2 |     2 |          2
 suppliers              | pk_suppliers              |     0 |     0 |          0
 territories            | pk_territories            |     0 |     0 |          0
 us_states              | pk_usstates               |     0 |     0 |          0
 customer_customer_demo | pk_customer_customer_demo |     0 |     0 |          0
 region                 | pk_region                 |     0 |     0 |          0
 shippers               | pk_shippers               |     0 |     0 |          0
 customer_demographics  | pk_customer_demographics  |     0 |     0 |          0
 customers              | pk_customers              |     0 |     0 |          0
 employee_territories   | pk_employee_territories   |     0 |     0 |          0
(14 rows)

 disco | cache | hit_ratio_pct 
-------+-------+---------------
    45 |   365 |         89.02
(1 row)

 pid | usename | bloqueado_por | query | state 
-----+---------+---------------+-------+-------
(0 rows)

